zn =    2.00000, ze =    3.00000
itr = 0
  l = 0
    n = 1, e =      -2.00052027 (     -4.00104054)
    n = 2, e =      -0.50019482 (     -1.00038964)
  cnv =   1.000000, mix =   0.100000
  integrated charge =   0.300000 out of   3.000000
itr = 1
  l = 0
    n = 1, e =      -2.26617678 (     -4.53235355)
    n = 2, e =      -0.52830324 (     -1.05660649)
  cnv =   0.900000, mix =   0.108696
  integrated charge =   0.593478 out of   3.000000
itr = 2
  l = 0
    n = 1, e =      -2.11443559 (     -4.22887118)
    n = 2, e =      -0.44979677 (     -0.89959354)
  cnv =   0.802174, mix =   0.118802
  integrated charge =   0.879377 out of   3.000000
itr = 3
  l = 0
    n = 1, e =      -1.92377523 (     -3.84755046)
    n = 2, e =      -0.36634605 (     -0.73269211)
  cnv =   0.706874, mix =   0.130634
  integrated charge =   1.156402 out of   3.000000
itr = 4
  l = 0
    n = 1, e =      -1.72400422 (     -3.44800844)
    n = 2, e =      -0.28599771 (     -0.57199542)
  cnv =   0.614533, mix =   0.144587
  integrated charge =   1.422962 out of   3.000000
itr = 5
  l = 0
    n = 1, e =      -1.52757385 (     -3.05514769)
    n = 2, e =      -0.21214445 (     -0.42428890)
  cnv =   0.525679, mix =   0.161149
  integrated charge =   1.677100 out of   3.000000
itr = 6
  l = 0
    n = 1, e =      -1.34198634 (     -2.68397268)
    n = 2, e =      -0.14674881 (     -0.29349761)
  cnv =   0.440967, mix =   0.180906
  integrated charge =   1.916420 out of   3.000000
itr = 7
  l = 0
    n = 1, e =      -1.17279029 (     -2.34558058)
    n = 2, e =      -0.09110958 (     -0.18221917)
  cnv =   0.362168, mix =   0.204192
  integrated charge =   2.137679 out of   3.000000
itr = 8
  l = 0
    n = 1, e =      -1.02482230 (     -2.04964461)
    n = 2, e =      -0.04619622 (     -0.09239245)
  cnv =   0.315147, mix =   0.221181
  integrated charge =   2.328408 out of   3.000000
itr = 9
  l = 0
    n = 1, e =      -0.90764683 (     -1.81529366)
    n = 2, e =      -0.01508359 (     -0.03016718)
  cnv =   0.303726, mix =   0.225743
  integrated charge =   2.480016 out of   3.000000
itr = 10
  l = 0
    n = 1, e =      -0.82706541 (     -1.65413082)
    n = 2, e =      -0.00071336 (     -0.00142672)
  cnv =   0.389759, mix =   0.195386
  integrated charge =   2.581613 out of   3.000000
itr = 11
  l = 0
    n = 1, e =      -0.79017129 (     -1.58034258)
    n = 2, e =       0.00178964 (      0.00357928)
  cnv =   0.428842, mix =   0.184137
  integrated charge =   2.658654 out of   3.000000
itr = 12
  l = 0
    n = 1, e =      -0.77114669 (     -1.54229338)
    n = 2, e =       0.00235748 (      0.00471496)
  cnv =   0.385548, mix =   0.196681
  integrated charge =   2.725790 out of   3.000000
itr = 13
  l = 0
    n = 1, e =      -0.75771119 (     -1.51542239)
    n = 2, e =       0.00264955 (      0.00529910)
  cnv =   0.328925, mix =   0.215917
  integrated charge =   2.784997 out of   3.000000
itr = 14
  l = 0
    n = 1, e =      -0.74791736 (     -1.49583472)
    n = 2, e =       0.00284367 (      0.00568734)
  cnv =   0.270992, mix =   0.239927
  integrated charge =   2.836582 out of   3.000000
itr = 15
  l = 0
    n = 1, e =      -0.74100475 (     -1.48200951)
    n = 2, e =       0.00298970 (      0.00597941)
  cnv =   0.216595, mix =   0.267898
  integrated charge =   2.880361 out of   3.000000
itr = 16
  l = 0
    n = 1, e =      -0.73650154 (     -1.47300308)
    n = 2, e =       0.00310599 (      0.00621197)
  cnv =   0.167755, mix =   0.299218
  integrated charge =   2.916159 out of   3.000000
itr = 17
  l = 0
    n = 1, e =      -0.73397600 (     -1.46795199)
    n = 2, e =       0.00319925 (      0.00639851)
  cnv =   0.125403, mix =   0.332975
  integrated charge =   2.944076 out of   3.000000
itr = 18
  l = 0
    n = 1, e =      -0.73296098 (     -1.46592196)
    n = 2, e =       0.00327124 (      0.00654248)
  cnv =   0.090085, mix =   0.367556
  integrated charge =   2.964631 out of   3.000000
itr = 19
  l = 0
    n = 1, e =      -0.73295558 (     -1.46591117)
    n = 2, e =       0.00332192 (      0.00664383)
  cnv =   0.061749, mix =   0.400964
  integrated charge =   2.978813 out of   3.000000
itr = 20
  l = 0
    n = 1, e =      -0.73347474 (     -1.46694949)
    n = 2, e =       0.00335189 (      0.00670378)
  cnv =   0.039975, mix =   0.431072
  integrated charge =   2.987946 out of   3.000000
itr = 21
  l = 0
    n = 1, e =      -0.73412389 (     -1.46824778)
    n = 2, e =       0.00336624 (      0.00673248)
  cnv =   0.024257, mix =   0.455777
  integrated charge =   2.993440 out of   3.000000
itr = 22
  l = 0
    n = 1, e =      -0.73467124 (     -1.46934248)
    n = 2, e =       0.00337262 (      0.00674523)
  cnv =   0.013910, mix =   0.473647
  integrated charge =   2.996547 out of   3.000000
itr = 23
  l = 0
    n = 1, e =      -0.73505163 (     -1.47010325)
    n = 2, e =       0.00337566 (      0.00675132)
  cnv =   0.007675, mix =   0.485108
  integrated charge =   2.998222 out of   3.000000
itr = 24
  l = 0
    n = 1, e =      -0.73528878 (     -1.47057757)
    n = 2, e =       0.00337719 (      0.00675439)
  cnv =   0.004131, mix =   0.491872
  integrated charge =   2.999097 out of   3.000000
itr = 25
  l = 0
    n = 1, e =      -0.73542718 (     -1.47085437)
    n = 2, e =       0.00337804 (      0.00675609)
  cnv =   0.002199, mix =   0.495640
  integrated charge =   2.999544 out of   3.000000
itr = 26
  l = 0
    n = 1, e =      -0.73550529 (     -1.47101058)
    n = 2, e =       0.00337838 (      0.00675676)
  cnv =   0.001151, mix =   0.497709
  integrated charge =   2.999771 out of   3.000000
itr = 27
  l = 0
    n = 1, e =      -0.73554762 (     -1.47109524)
    n = 2, e =       0.00337855 (      0.00675711)
  cnv =   0.000599, mix =   0.498804
  integrated charge =   2.999885 out of   3.000000
itr = 28
  l = 0
    n = 1, e =      -0.73557022 (     -1.47114044)
    n = 2, e =       0.00337864 (      0.00675729)
  cnv =   0.000312, mix =   0.499378
  integrated charge =   2.999943 out of   3.000000
itr = 29
  l = 0
    n = 1, e =      -0.73558218 (     -1.47116436)
    n = 2, e =       0.00337869 (      0.00675738)
  cnv =   0.000162, mix =   0.499677
  integrated charge =   2.999971 out of   3.000000
itr = 30
  l = 0
    n = 1, e =      -0.73558847 (     -1.47117693)
    n = 2, e =       0.00337871 (      0.00675743)
  cnv =   0.000084, mix =   0.499832
  integrated charge =   2.999986 out of   3.000000
itr = 31
  l = 0
    n = 1, e =      -0.73559176 (     -1.47118352)
    n = 2, e =       0.00337873 (      0.00675745)
  cnv =   0.000044, mix =   0.499913
  integrated charge =   2.999993 out of   3.000000
itr = 32
  l = 0
    n = 1, e =      -0.73559348 (     -1.47118696)
    n = 2, e =       0.00337873 (      0.00675747)
  cnv =   0.000023, mix =   0.499955
  integrated charge =   2.999996 out of   3.000000
itr = 33
  l = 0
    n = 1, e =      -0.73559438 (     -1.47118875)
    n = 2, e =       0.00337874 (      0.00675747)
  cnv =   0.000012, mix =   0.499977
  integrated charge =   2.999998 out of   3.000000
itr = 34
  l = 0
    n = 1, e =      -0.73559484 (     -1.47118969)
    n = 2, e =       0.00337874 (      0.00675748)
  cnv =   0.000006, mix =   0.499988
  integrated charge =   2.999999 out of   3.000000

                   Orbital Summary
 nl    occ        E           KE       <1/r>     <r>
 1s   2.00      -0.7356      1.6434    1.8101   0.8582
 2s   1.00       0.0034      0.0042    0.0599  19.9322

     Energy Summary
 kinetic energy      =     3.2910
 potential energy    =    -6.0595
 one-electron energy =    -4.0692
 two-electron energy =     1.3007

 total energy =    -2.7685
 virial ratio =    -1.8412
